[2016-08-23 08:38:27] main.CRITICAL: Exception: Warning: getimagesize(pub/media/wysiwyg/home-static/community_commerece.png): failed to open stream: No such file or directory in C:\xampp\htdocs\SheaMoisture2\vendor\magento\framework\Image\Adapter\AbstractAdapter.php on line 304 in C:\xampp\htdocs\SheaMoisture2\vendor\magento\framework\App\ErrorHandler.php:61
Stack trace:
#0 [internal function]: Magento\Framework\App\ErrorHandler->handler(2, 'getimagesize(pu...', 'C:\\xampp\\htdocs...', 304, Array)
#1 C:\xampp\htdocs\SheaMoisture2\vendor\magento\framework\Image\Adapter\AbstractAdapter.php(304): getimagesize('pub/media/wysiw...')
#2 C:\xampp\htdocs\SheaMoisture2\vendor\magento\framework\Image\Adapter\AbstractAdapter.php(289): Magento\Framework\Image\Adapter\AbstractAdapter->getImageType()
#3 C:\xampp\htdocs\SheaMoisture2\vendor\magento\framework\Image\Adapter\Gd2.php(58): Magento\Framework\Image\Adapter\AbstractAdapter->getMimeType()
#4 C:\xampp\htdocs\SheaMoisture2\vendor\magento\module-cms\Controller\Adminhtml\Wysiwyg\Directive.php(53): Magento\Framework\Image\Adapter\Gd2->open('pub/media/wysiw...')
#5 C:\xampp\htdocs\SheaMoisture2\var\generation\Magento\Cms\Controller\Adminhtml\Wysiwyg\Directive\Interceptor.php(24): Magento\Cms\Controller\Adminhtml\Wysiwyg\Directive->execute()
#6 C:\xampp\htdocs\SheaMoisture2\vendor\magento\framework\App\Action\Action.php(102): Magento\Cms\Controller\Adminhtml\Wysiwyg\Directive\Interceptor->execute()
#7 C:\xampp\htdocs\SheaMoisture2\vendor\magento\module-backend\App\AbstractAction.php(226): Magento\Framework\App\Action\Action->dispatch(Object(Magento\Framework\App\Request\Http))
#8 [internal function]: Magento\Backend\App\AbstractAction->dispatch(Object(Magento\Framework\App\Request\Http))
#9 C:\xampp\htdocs\SheaMoisture2\vendor\magento\framework\Interception\Interceptor.php(74): call_user_func_array(Array, Array)
#10 C:\xampp\htdocs\SheaMoisture2\vendor\magento\framework\Interception\Chain\Chain.php(70): Magento\Cms\Controller\Adminhtml\Wysiwyg\Directive\Interceptor->___callParent('dispatch', Array)
#11 C:\xampp\htdocs\SheaMoisture2\vendor\magento\framework\Interception\Chain\Chain.php(63): Magento\Framework\Interception\Chain\Chain->invokeNext('Magento\\Cms\\Con...', 'dispatch', Object(Magento\Cms\Controller\Adminhtml\Wysiwyg\Directive\Interceptor), Array, 'adminAuthentica...')
#12 C:\xampp\htdocs\SheaMoisture2\vendor\magento\module-backend\App\Action\Plugin\Authentication.php(143): Magento\Framework\Interception\Chain\Chain->Magento\Framework\Interception\Chain\{closure}(Object(Magento\Framework\App\Request\Http))
#13 [internal function]: Magento\Backend\App\Action\Plugin\Authentication->aroundDispatch(Object(Magento\Cms\Controller\Adminhtml\Wysiwyg\Directive\Interceptor), Object(Closure), Object(Magento\Framework\App\Request\Http))
#14 C:\xampp\htdocs\SheaMoisture2\vendor\magento\framework\Interception\Chain\Chain.php(67): call_user_func_array(Array, Array)
#15 C:\xampp\htdocs\SheaMoisture2\vendor\magento\framework\Interception\Chain\Chain.php(63): Magento\Framework\Interception\Chain\Chain->invokeNext('Magento\\Cms\\Con...', 'dispatch', Object(Magento\Cms\Controller\Adminhtml\Wysiwyg\Directive\Interceptor), Array, 'designLoader')
#16 C:\xampp\htdocs\SheaMoisture2\vendor\magento\framework\App\Action\Plugin\Design.php(39): Magento\Framework\Interception\Chain\Chain->Magento\Framework\Interception\Chain\{closure}(Object(Magento\Framework\App\Request\Http))
#17 [internal function]: Magento\Framework\App\Action\Plugin\Design->aroundDispatch(Object(Magento\Cms\Controller\Adminhtml\Wysiwyg\Directive\Interceptor), Object(Closure), Object(Magento\Framework\App\Request\Http))
#18 C:\xampp\htdocs\SheaMoisture2\vendor\magento\framework\Interception\Chain\Chain.php(67): call_user_func_array(Array, Array)
#19 C:\xampp\htdocs\SheaMoisture2\vendor\magento\framework\Interception\Interceptor.php(136): Magento\Framework\Interception\Chain\Chain->invokeNext('Magento\\Cms\\Con...', 'dispatch', Object(Magento\Cms\Controller\Adminhtml\Wysiwyg\Directive\Interceptor), Array, 'adminMassaction...')
#20 C:\xampp\htdocs\SheaMoisture2\vendor\magento\module-backend\App\Action\Plugin\MassactionKey.php(33): Magento\Cms\Controller\Adminhtml\Wysiwyg\Directive\Interceptor->Magento\Framework\Interception\{closure}(Object(Magento\Framework\App\Request\Http))
#21 [internal function]: Magento\Backend\App\Action\Plugin\MassactionKey->aroundDispatch(Object(Magento\Cms\Controller\Adminhtml\Wysiwyg\Directive\Interceptor), Object(Closure), Object(Magento\Framework\App\Request\Http))
#22 C:\xampp\htdocs\SheaMoisture2\vendor\magento\framework\Interception\Interceptor.php(140): call_user_func_array(Array, Array)
#23 C:\xampp\htdocs\SheaMoisture2\var\generation\Magento\Cms\Controller\Adminhtml\Wysiwyg\Directive\Interceptor.php(39): Magento\Cms\Controller\Adminhtml\Wysiwyg\Directive\Interceptor->___callPlugins('dispatch', Array, Array)
#24 C:\xampp\htdocs\SheaMoisture2\vendor\magento\framework\App\FrontController.php(55): Magento\Cms\Controller\Adminhtml\Wysiwyg\Directive\Interceptor->dispatch(Object(Magento\Framework\App\Request\Http))
#25 [internal function]: Magento\Framework\App\FrontController->dispatch(Object(Magento\Framework\App\Request\Http))
#26 C:\xampp\htdocs\SheaMoisture2\vendor\magento\framework\Interception\Interceptor.php(74): call_user_func_array(Array, Array)
#27 C:\xampp\htdocs\SheaMoisture2\vendor\magento\framework\Interception\Chain\Chain.php(70): Magento\Framework\App\FrontController\Interceptor->___callParent('dispatch', Array)
#28 C:\xampp\htdocs\SheaMoisture2\vendor\magento\framework\Interception\Interceptor.php(136): Magento\Framework\Interception\Chain\Chain->invokeNext('Magento\\Framewo...', 'dispatch', Object(Magento\Framework\App\FrontController\Interceptor), Array, 'install')
#29 C:\xampp\htdocs\SheaMoisture2\vendor\magento\framework\Module\Plugin\DbStatusValidator.php(69): Magento\Framework\App\FrontController\Interceptor->Magento\Framework\Interception\{closure}(Object(Magento\Framework\App\Request\Http))
#30 [internal function]: Magento\Framework\Module\Plugin\DbStatusValidator->aroundDispatch(Object(Magento\Framework\App\FrontController\Interceptor), Object(Closure), Object(Magento\Framework\App\Request\Http))
#31 C:\xampp\htdocs\SheaMoisture2\vendor\magento\framework\Interception\Interceptor.php(140): call_user_func_array(Array, Array)
#32 C:\xampp\htdocs\SheaMoisture2\var\generation\Magento\Framework\App\FrontController\Interceptor.php(26): Magento\Framework\App\FrontController\Interceptor->___callPlugins('dispatch', Array, Array)
#33 C:\xampp\htdocs\SheaMoisture2\vendor\magento\framework\App\Http.php(115): Magento\Framework\App\FrontController\Interceptor->dispatch(Object(Magento\Framework\App\Request\Http))
#34 C:\xampp\htdocs\SheaMoisture2\vendor\magento\framework\App\Bootstrap.php(258): Magento\Framework\App\Http->launch()
#35 C:\xampp\htdocs\SheaMoisture2\index.php(39): Magento\Framework\App\Bootstrap->run(Object(Magento\Framework\App\Http))
#36 {main} [] []
[2016-08-23 08:38:33] main.CRITICAL: Exception: Warning: getimagesize(pub/media/wysiwyg/home-static/community_commerece.png): failed to open stream: No such file or directory in C:\xampp\htdocs\SheaMoisture2\vendor\magento\framework\Image\Adapter\AbstractAdapter.php on line 304 in C:\xampp\htdocs\SheaMoisture2\vendor\magento\framework\App\ErrorHandler.php:61
Stack trace:
#0 [internal function]: Magento\Framework\App\ErrorHandler->handler(2, 'getimagesize(pu...', 'C:\\xampp\\htdocs...', 304, Array)
#1 C:\xampp\htdocs\SheaMoisture2\vendor\magento\framework\Image\Adapter\AbstractAdapter.php(304): getimagesize('pub/media/wysiw...')
#2 C:\xampp\htdocs\SheaMoisture2\vendor\magento\framework\Image\Adapter\AbstractAdapter.php(289): Magento\Framework\Image\Adapter\AbstractAdapter->getImageType()
#3 C:\xampp\htdocs\SheaMoisture2\vendor\magento\framework\Image\Adapter\Gd2.php(58): Magento\Framework\Image\Adapter\AbstractAdapter->getMimeType()
#4 C:\xampp\htdocs\SheaMoisture2\vendor\magento\module-cms\Controller\Adminhtml\Wysiwyg\Directive.php(53): Magento\Framework\Image\Adapter\Gd2->open('pub/media/wysiw...')
#5 C:\xampp\htdocs\SheaMoisture2\var\generation\Magento\Cms\Controller\Adminhtml\Wysiwyg\Directive\Interceptor.php(24): Magento\Cms\Controller\Adminhtml\Wysiwyg\Directive->execute()
#6 C:\xampp\htdocs\SheaMoisture2\vendor\magento\framework\App\Action\Action.php(102): Magento\Cms\Controller\Adminhtml\Wysiwyg\Directive\Interceptor->execute()
#7 C:\xampp\htdocs\SheaMoisture2\vendor\magento\module-backend\App\AbstractAction.php(226): Magento\Framework\App\Action\Action->dispatch(Object(Magento\Framework\App\Request\Http))
#8 [internal function]: Magento\Backend\App\AbstractAction->dispatch(Object(Magento\Framework\App\Request\Http))
#9 C:\xampp\htdocs\SheaMoisture2\vendor\magento\framework\Interception\Interceptor.php(74): call_user_func_array(Array, Array)
#10 C:\xampp\htdocs\SheaMoisture2\vendor\magento\framework\Interception\Chain\Chain.php(70): Magento\Cms\Controller\Adminhtml\Wysiwyg\Directive\Interceptor->___callParent('dispatch', Array)
#11 C:\xampp\htdocs\SheaMoisture2\vendor\magento\framework\Interception\Chain\Chain.php(63): Magento\Framework\Interception\Chain\Chain->invokeNext('Magento\\Cms\\Con...', 'dispatch', Object(Magento\Cms\Controller\Adminhtml\Wysiwyg\Directive\Interceptor), Array, 'adminAuthentica...')
#12 C:\xampp\htdocs\SheaMoisture2\vendor\magento\module-backend\App\Action\Plugin\Authentication.php(143): Magento\Framework\Interception\Chain\Chain->Magento\Framework\Interception\Chain\{closure}(Object(Magento\Framework\App\Request\Http))
#13 [internal function]: Magento\Backend\App\Action\Plugin\Authentication->aroundDispatch(Object(Magento\Cms\Controller\Adminhtml\Wysiwyg\Directive\Interceptor), Object(Closure), Object(Magento\Framework\App\Request\Http))
#14 C:\xampp\htdocs\SheaMoisture2\vendor\magento\framework\Interception\Chain\Chain.php(67): call_user_func_array(Array, Array)
#15 C:\xampp\htdocs\SheaMoisture2\vendor\magento\framework\Interception\Chain\Chain.php(63): Magento\Framework\Interception\Chain\Chain->invokeNext('Magento\\Cms\\Con...', 'dispatch', Object(Magento\Cms\Controller\Adminhtml\Wysiwyg\Directive\Interceptor), Array, 'designLoader')
#16 C:\xampp\htdocs\SheaMoisture2\vendor\magento\framework\App\Action\Plugin\Design.php(39): Magento\Framework\Interception\Chain\Chain->Magento\Framework\Interception\Chain\{closure}(Object(Magento\Framework\App\Request\Http))
#17 [internal function]: Magento\Framework\App\Action\Plugin\Design->aroundDispatch(Object(Magento\Cms\Controller\Adminhtml\Wysiwyg\Directive\Interceptor), Object(Closure), Object(Magento\Framework\App\Request\Http))
#18 C:\xampp\htdocs\SheaMoisture2\vendor\magento\framework\Interception\Chain\Chain.php(67): call_user_func_array(Array, Array)
#19 C:\xampp\htdocs\SheaMoisture2\vendor\magento\framework\Interception\Interceptor.php(136): Magento\Framework\Interception\Chain\Chain->invokeNext('Magento\\Cms\\Con...', 'dispatch', Object(Magento\Cms\Controller\Adminhtml\Wysiwyg\Directive\Interceptor), Array, 'adminMassaction...')
#20 C:\xampp\htdocs\SheaMoisture2\vendor\magento\module-backend\App\Action\Plugin\MassactionKey.php(33): Magento\Cms\Controller\Adminhtml\Wysiwyg\Directive\Interceptor->Magento\Framework\Interception\{closure}(Object(Magento\Framework\App\Request\Http))
#21 [internal function]: Magento\Backend\App\Action\Plugin\MassactionKey->aroundDispatch(Object(Magento\Cms\Controller\Adminhtml\Wysiwyg\Directive\Interceptor), Object(Closure), Object(Magento\Framework\App\Request\Http))
#22 C:\xampp\htdocs\SheaMoisture2\vendor\magento\framework\Interception\Interceptor.php(140): call_user_func_array(Array, Array)
#23 C:\xampp\htdocs\SheaMoisture2\var\generation\Magento\Cms\Controller\Adminhtml\Wysiwyg\Directive\Interceptor.php(39): Magento\Cms\Controller\Adminhtml\Wysiwyg\Directive\Interceptor->___callPlugins('dispatch', Array, Array)
#24 C:\xampp\htdocs\SheaMoisture2\vendor\magento\framework\App\FrontController.php(55): Magento\Cms\Controller\Adminhtml\Wysiwyg\Directive\Interceptor->dispatch(Object(Magento\Framework\App\Request\Http))
#25 [internal function]: Magento\Framework\App\FrontController->dispatch(Object(Magento\Framework\App\Request\Http))
#26 C:\xampp\htdocs\SheaMoisture2\vendor\magento\framework\Interception\Interceptor.php(74): call_user_func_array(Array, Array)
#27 C:\xampp\htdocs\SheaMoisture2\vendor\magento\framework\Interception\Chain\Chain.php(70): Magento\Framework\App\FrontController\Interceptor->___callParent('dispatch', Array)
#28 C:\xampp\htdocs\SheaMoisture2\vendor\magento\framework\Interception\Interceptor.php(136): Magento\Framework\Interception\Chain\Chain->invokeNext('Magento\\Framewo...', 'dispatch', Object(Magento\Framework\App\FrontController\Interceptor), Array, 'install')
#29 C:\xampp\htdocs\SheaMoisture2\vendor\magento\framework\Module\Plugin\DbStatusValidator.php(69): Magento\Framework\App\FrontController\Interceptor->Magento\Framework\Interception\{closure}(Object(Magento\Framework\App\Request\Http))
#30 [internal function]: Magento\Framework\Module\Plugin\DbStatusValidator->aroundDispatch(Object(Magento\Framework\App\FrontController\Interceptor), Object(Closure), Object(Magento\Framework\App\Request\Http))
#31 C:\xampp\htdocs\SheaMoisture2\vendor\magento\framework\Interception\Interceptor.php(140): call_user_func_array(Array, Array)
#32 C:\xampp\htdocs\SheaMoisture2\var\generation\Magento\Framework\App\FrontController\Interceptor.php(26): Magento\Framework\App\FrontController\Interceptor->___callPlugins('dispatch', Array, Array)
#33 C:\xampp\htdocs\SheaMoisture2\vendor\magento\framework\App\Http.php(115): Magento\Framework\App\FrontController\Interceptor->dispatch(Object(Magento\Framework\App\Request\Http))
#34 C:\xampp\htdocs\SheaMoisture2\vendor\magento\framework\App\Bootstrap.php(258): Magento\Framework\App\Http->launch()
#35 C:\xampp\htdocs\SheaMoisture2\index.php(39): Magento\Framework\App\Bootstrap->run(Object(Magento\Framework\App\Http))
#36 {main} [] []
[2016-08-23 09:53:12] main.CRITICAL: Zend_Mail_Transport_Exception: Unable to send mail.  in C:\xampp\htdocs\SheaMoisture2\vendor\magento\zendframework1\library\Zend\Mail\Transport\Sendmail.php:137
Stack trace:
#0 C:\xampp\htdocs\SheaMoisture2\var\generation\Magento\Framework\Mail\Transport\Interceptor.php(37): Zend_Mail_Transport_Sendmail->_sendMail()
#1 C:\xampp\htdocs\SheaMoisture2\vendor\magento\zendframework1\library\Zend\Mail\Transport\Abstract.php(348): Magento\Framework\Mail\Transport\Interceptor->_sendMail()
#2 C:\xampp\htdocs\SheaMoisture2\vendor\magento\framework\Mail\Transport.php(39): Zend_Mail_Transport_Abstract->send(Object(Magento\Framework\Mail\Message))
#3 [internal function]: Magento\Framework\Mail\Transport->sendMessage()
#4 C:\xampp\htdocs\SheaMoisture2\vendor\magento\framework\Interception\Interceptor.php(74): call_user_func_array(Array, Array)
#5 C:\xampp\htdocs\SheaMoisture2\vendor\magento\framework\Interception\Chain\Chain.php(70): Magento\Framework\Mail\Transport\Interceptor->___callParent('sendMessage', Array)
#6 C:\xampp\htdocs\SheaMoisture2\vendor\magento\framework\Interception\Interceptor.php(136): Magento\Framework\Interception\Chain\Chain->invokeNext('Magento\\Framewo...', 'sendMessage', Object(Magento\Framework\Mail\Transport\Interceptor), Array, 'customer-sample...')
#7 C:\xampp\htdocs\SheaMoisture2\vendor\magento\module-customer-sample-data\Magento\Framework\Mail\Transport\MailPlugin.php(32): Magento\Framework\Mail\Transport\Interceptor->Magento\Framework\Interception\{closure}()
#8 [internal function]: Magento\CustomerSampleData\Magento\Framework\Mail\Transport\MailPlugin->aroundSendMessage(Object(Magento\Framework\Mail\Transport\Interceptor), Object(Closure))
#9 C:\xampp\htdocs\SheaMoisture2\vendor\magento\framework\Interception\Interceptor.php(140): call_user_func_array(Array, Array)
#10 C:\xampp\htdocs\SheaMoisture2\var\generation\Magento\Framework\Mail\Transport\Interceptor.php(26): Magento\Framework\Mail\Transport\Interceptor->___callPlugins('sendMessage', Array, Array)
#11 C:\xampp\htdocs\SheaMoisture2\vendor\magento\module-customer\Model\AccountManagement.php(927): Magento\Framework\Mail\Transport\Interceptor->sendMessage()
#12 C:\xampp\htdocs\SheaMoisture2\vendor\magento\module-customer\Model\AccountManagement.php(834): Magento\Customer\Model\AccountManagement->sendEmailTemplate(Object(Magento\Customer\Model\Data\Customer), 'customer/create...', 'customer/create...', Array, 1)
#13 C:\xampp\htdocs\SheaMoisture2\vendor\magento\module-customer\Model\AccountManagement.php(587): Magento\Customer\Model\AccountManagement->sendNewAccountEmail(Object(Magento\Customer\Model\Data\Customer), 'registered', NULL, 1)
#14 C:\xampp\htdocs\SheaMoisture2\vendor\magento\module-customer\Model\AccountManagement.php(547): Magento\Customer\Model\AccountManagement->sendEmailConfirmation(Object(Magento\Customer\Model\Data\Customer), NULL)
#15 C:\xampp\htdocs\SheaMoisture2\vendor\magento\module-customer\Model\AccountManagement.php(484): Magento\Customer\Model\AccountManagement->createAccountWithPasswordHash(Object(Magento\Customer\Model\Data\Customer), '3e76df035a5c9e1...', NULL)
#16 C:\xampp\htdocs\SheaMoisture2\vendor\magento\module-customer\Controller\Account\CreatePost.php(233): Magento\Customer\Model\AccountManagement->createAccount(Object(Magento\Customer\Model\Data\Customer), 'Vinay@123', NULL)
#17 C:\xampp\htdocs\SheaMoisture2\var\generation\Magento\Customer\Controller\Account\CreatePost\Interceptor.php(24): Magento\Customer\Controller\Account\CreatePost->execute()
#18 C:\xampp\htdocs\SheaMoisture2\vendor\magento\framework\App\Action\Action.php(102): Magento\Customer\Controller\Account\CreatePost\Interceptor->execute()
#19 [internal function]: Magento\Framework\App\Action\Action->dispatch(Object(Magento\Framework\App\Request\Http))
#20 C:\xampp\htdocs\SheaMoisture2\vendor\magento\framework\Interception\Interceptor.php(74): call_user_func_array(Array, Array)
#21 C:\xampp\htdocs\SheaMoisture2\vendor\magento\framework\Interception\Chain\Chain.php(70): Magento\Customer\Controller\Account\CreatePost\Interceptor->___callParent('dispatch', Array)
#22 C:\xampp\htdocs\SheaMoisture2\vendor\magento\framework\Interception\Chain\Chain.php(63): Magento\Framework\Interception\Chain\Chain->invokeNext('Magento\\Custome...', 'dispatch', Object(Magento\Customer\Controller\Account\CreatePost\Interceptor), Array, 'designLoader')
#23 C:\xampp\htdocs\SheaMoisture2\vendor\magento\framework\App\Action\Plugin\Design.php(39): Magento\Framework\Interception\Chain\Chain->Magento\Framework\Interception\Chain\{closure}(Object(Magento\Framework\App\Request\Http))
#24 [internal function]: Magento\Framework\App\Action\Plugin\Design->aroundDispatch(Object(Magento\Customer\Controller\Account\CreatePost\Interceptor), Object(Closure), Object(Magento\Framework\App\Request\Http))
#25 C:\xampp\htdocs\SheaMoisture2\vendor\magento\framework\Interception\Chain\Chain.php(67): call_user_func_array(Array, Array)
#26 C:\xampp\htdocs\SheaMoisture2\vendor\magento\framework\Interception\Chain\Chain.php(63): Magento\Framework\Interception\Chain\Chain->invokeNext('Magento\\Custome...', 'dispatch', Object(Magento\Customer\Controller\Account\CreatePost\Interceptor), Array, 'contextPlugin')
#27 C:\xampp\htdocs\SheaMoisture2\vendor\magento\module-store\App\Action\Plugin\Context.php(98): Magento\Framework\Interception\Chain\Chain->Magento\Framework\Interception\Chain\{closure}(Object(Magento\Framework\App\Request\Http))
#28 [internal function]: Magento\Store\App\Action\Plugin\Context->aroundDispatch(Object(Magento\Customer\Controller\Account\CreatePost\Interceptor), Object(Closure), Object(Magento\Framework\App\Request\Http))
#29 C:\xampp\htdocs\SheaMoisture2\vendor\magento\framework\Interception\Chain\Chain.php(67): call_user_func_array(Array, Array)
#30 C:\xampp\htdocs\SheaMoisture2\vendor\magento\framework\Interception\Chain\Chain.php(63): Magento\Framework\Interception\Chain\Chain->invokeNext('Magento\\Custome...', 'dispatch', Object(Magento\Customer\Controller\Account\CreatePost\Interceptor), Array, 'customer-app-ac...')
#31 C:\xampp\htdocs\SheaMoisture2\vendor\magento\module-customer\Model\App\Action\ContextPlugin.php(61): Magento\Framework\Interception\Chain\Chain->Magento\Framework\Interception\Chain\{closure}(Object(Magento\Framework\App\Request\Http))
#32 [internal function]: Magento\Customer\Model\App\Action\ContextPlugin->aroundDispatch(Object(Magento\Customer\Controller\Account\CreatePost\Interceptor), Object(Closure), Object(Magento\Framework\App\Request\Http))
#33 C:\xampp\htdocs\SheaMoisture2\vendor\magento\framework\Interception\Chain\Chain.php(67): call_user_func_array(Array, Array)
#34 C:\xampp\htdocs\SheaMoisture2\vendor\magento\framework\Interception\Chain\Chain.php(63): Magento\Framework\Interception\Chain\Chain->invokeNext('Magento\\Custome...', 'dispatch', Object(Magento\Customer\Controller\Account\CreatePost\Interceptor), Array, 'storeCheck')
#35 C:\xampp\htdocs\SheaMoisture2\vendor\magento\module-store\App\Action\Plugin\StoreCheck.php(44): Magento\Framework\Interception\Chain\Chain->Magento\Framework\Interception\Chain\{closure}(Object(Magento\Framework\App\Request\Http))
#36 [internal function]: Magento\Store\App\Action\Plugin\StoreCheck->aroundDispatch(Object(Magento\Customer\Controller\Account\CreatePost\Interceptor), Object(Closure), Object(Magento\Framework\App\Request\Http))
#37 C:\xampp\htdocs\SheaMoisture2\vendor\magento\framework\Interception\Chain\Chain.php(67): call_user_func_array(Array, Array)
#38 C:\xampp\htdocs\SheaMoisture2\vendor\magento\framework\Interception\Chain\Chain.php(63): Magento\Framework\Interception\Chain\Chain->invokeNext('Magento\\Custome...', 'dispatch', Object(Magento\Customer\Controller\Account\CreatePost\Interceptor), Array, 'customer_accoun...')
#39 C:\xampp\htdocs\SheaMoisture2\vendor\magento\module-customer\Controller\Plugin\Account.php(60): Magento\Framework\Interception\Chain\Chain->Magento\Framework\Interception\Chain\{closure}(Object(Magento\Framework\App\Request\Http))
#40 [internal function]: Magento\Customer\Controller\Plugin\Account->aroundDispatch(Object(Magento\Customer\Controller\Account\CreatePost\Interceptor), Object(Closure), Object(Magento\Framework\App\Request\Http))
#41 C:\xampp\htdocs\SheaMoisture2\vendor\magento\framework\Interception\Chain\Chain.php(67): call_user_func_array(Array, Array)
#42 C:\xampp\htdocs\SheaMoisture2\vendor\magento\framework\Interception\Chain\Chain.php(63): Magento\Framework\Interception\Chain\Chain->invokeNext('Magento\\Custome...', 'dispatch', Object(Magento\Customer\Controller\Account\CreatePost\Interceptor), Array, 'weee-app-action...')
#43 C:\xampp\htdocs\SheaMoisture2\vendor\magento\module-weee\Model\App\Action\ContextPlugin.php(112): Magento\Framework\Interception\Chain\Chain->Magento\Framework\Interception\Chain\{closure}(Object(Magento\Framework\App\Request\Http))
#44 [internal function]: Magento\Weee\Model\App\Action\ContextPlugin->aroundDispatch(Object(Magento\Customer\Controller\Account\CreatePost\Interceptor), Object(Closure), Object(Magento\Framework\App\Request\Http))
#45 C:\xampp\htdocs\SheaMoisture2\vendor\magento\framework\Interception\Chain\Chain.php(67): call_user_func_array(Array, Array)
#46 C:\xampp\htdocs\SheaMoisture2\vendor\magento\framework\Interception\Interceptor.php(136): Magento\Framework\Interception\Chain\Chain->invokeNext('Magento\\Custome...', 'dispatch', Object(Magento\Customer\Controller\Account\CreatePost\Interceptor), Array, 'tax-app-action-...')
#47 C:\xampp\htdocs\SheaMoisture2\vendor\magento\module-tax\Model\App\Action\ContextPlugin.php(91): Magento\Customer\Controller\Account\CreatePost\Interceptor->Magento\Framework\Interception\{closure}(Object(Magento\Framework\App\Request\Http))
#48 [internal function]: Magento\Tax\Model\App\Action\ContextPlugin->aroundDispatch(Object(Magento\Customer\Controller\Account\CreatePost\Interceptor), Object(Closure), Object(Magento\Framework\App\Request\Http))
#49 C:\xampp\htdocs\SheaMoisture2\vendor\magento\framework\Interception\Interceptor.php(140): call_user_func_array(Array, Array)
#50 C:\xampp\htdocs\SheaMoisture2\var\generation\Magento\Customer\Controller\Account\CreatePost\Interceptor.php(39): Magento\Customer\Controller\Account\CreatePost\Interceptor->___callPlugins('dispatch', Array, Array)
#51 C:\xampp\htdocs\SheaMoisture2\vendor\magento\framework\App\FrontController.php(55): Magento\Customer\Controller\Account\CreatePost\Interceptor->dispatch(Object(Magento\Framework\App\Request\Http))
#52 [internal function]: Magento\Framework\App\FrontController->dispatch(Object(Magento\Framework\App\Request\Http))
#53 C:\xampp\htdocs\SheaMoisture2\vendor\magento\framework\Interception\Interceptor.php(74): call_user_func_array(Array, Array)
#54 C:\xampp\htdocs\SheaMoisture2\vendor\magento\framework\Interception\Chain\Chain.php(70): Magento\Framework\App\FrontController\Interceptor->___callParent('dispatch', Array)
#55 C:\xampp\htdocs\SheaMoisture2\vendor\magento\framework\Interception\Chain\Chain.php(63): Magento\Framework\Interception\Chain\Chain->invokeNext('Magento\\Framewo...', 'dispatch', Object(Magento\Framework\App\FrontController\Interceptor), Array, 'requestPreproce...')
#56 C:\xampp\htdocs\SheaMoisture2\vendor\magento\module-store\App\FrontController\Plugin\RequestPreprocessor.php(89): Magento\Framework\Interception\Chain\Chain->Magento\Framework\Interception\Chain\{closure}(Object(Magento\Framework\App\Request\Http))
#57 [internal function]: Magento\Store\App\FrontController\Plugin\RequestPreprocessor->aroundDispatch(Object(Magento\Framework\App\FrontController\Interceptor), Object(Closure), Object(Magento\Framework\App\Request\Http))
#58 C:\xampp\htdocs\SheaMoisture2\vendor\magento\framework\Interception\Chain\Chain.php(67): call_user_func_array(Array, Array)
#59 C:\xampp\htdocs\SheaMoisture2\vendor\magento\framework\Interception\Chain\Chain.php(63): Magento\Framework\Interception\Chain\Chain->invokeNext('Magento\\Framewo...', 'dispatch', Object(Magento\Framework\App\FrontController\Interceptor), Array, 'install')
#60 C:\xampp\htdocs\SheaMoisture2\vendor\magento\framework\Module\Plugin\DbStatusValidator.php(69): Magento\Framework\Interception\Chain\Chain->Magento\Framework\Interception\Chain\{closure}(Object(Magento\Framework\App\Request\Http))
#61 [internal function]: Magento\Framework\Module\Plugin\DbStatusValidator->aroundDispatch(Object(Magento\Framework\App\FrontController\Interceptor), Object(Closure), Object(Magento\Framework\App\Request\Http))
#62 C:\xampp\htdocs\SheaMoisture2\vendor\magento\framework\Interception\Chain\Chain.php(67): call_user_func_array(Array, Array)
#63 C:\xampp\htdocs\SheaMoisture2\vendor\magento\framework\Interception\Chain\Chain.php(63): Magento\Framework\Interception\Chain\Chain->invokeNext('Magento\\Framewo...', 'dispatch', Object(Magento\Framework\App\FrontController\Interceptor), Array, 'front-controlle...')
#64 C:\xampp\htdocs\SheaMoisture2\vendor\magento\module-page-cache\Model\App\FrontController\VarnishPlugin.php(55): Magento\Framework\Interception\Chain\Chain->Magento\Framework\Interception\Chain\{closure}(Object(Magento\Framework\App\Request\Http))
#65 [internal function]: Magento\PageCache\Model\App\FrontController\VarnishPlugin->aroundDispatch(Object(Magento\Framework\App\FrontController\Interceptor), Object(Closure), Object(Magento\Framework\App\Request\Http))
#66 C:\xampp\htdocs\SheaMoisture2\vendor\magento\framework\Interception\Chain\Chain.php(67): call_user_func_array(Array, Array)
#67 C:\xampp\htdocs\SheaMoisture2\vendor\magento\framework\Interception\Interceptor.php(136): Magento\Framework\Interception\Chain\Chain->invokeNext('Magento\\Framewo...', 'dispatch', Object(Magento\Framework\App\FrontController\Interceptor), Array, 'front-controlle...')
#68 C:\xampp\htdocs\SheaMoisture2\vendor\magento\module-page-cache\Model\App\FrontController\BuiltinPlugin.php(68): Magento\Framework\App\FrontController\Interceptor->Magento\Framework\Interception\{closure}(Object(Magento\Framework\App\Request\Http))
#69 [internal function]: Magento\PageCache\Model\App\FrontController\BuiltinPlugin->aroundDispatch(Object(Magento\Framework\App\FrontController\Interceptor), Object(Closure), Object(Magento\Framework\App\Request\Http))
#70 C:\xampp\htdocs\SheaMoisture2\vendor\magento\framework\Interception\Interceptor.php(140): call_user_func_array(Array, Array)
#71 C:\xampp\htdocs\SheaMoisture2\var\generation\Magento\Framework\App\FrontController\Interceptor.php(26): Magento\Framework\App\FrontController\Interceptor->___callPlugins('dispatch', Array, Array)
#72 C:\xampp\htdocs\SheaMoisture2\vendor\magento\framework\App\Http.php(115): Magento\Framework\App\FrontController\Interceptor->dispatch(Object(Magento\Framework\App\Request\Http))
#73 C:\xampp\htdocs\SheaMoisture2\vendor\magento\framework\App\Bootstrap.php(258): Magento\Framework\App\Http->launch()
#74 C:\xampp\htdocs\SheaMoisture2\index.php(39): Magento\Framework\App\Bootstrap->run(Object(Magento\Framework\App\Http))
#75 {main}

Next Magento\Framework\Exception\MailException: Unable to send mail.  in C:\xampp\htdocs\SheaMoisture2\vendor\magento\framework\Mail\Transport.php:41
Stack trace:
#0 [internal function]: Magento\Framework\Mail\Transport->sendMessage()
#1 C:\xampp\htdocs\SheaMoisture2\vendor\magento\framework\Interception\Interceptor.php(74): call_user_func_array(Array, Array)
#2 C:\xampp\htdocs\SheaMoisture2\vendor\magento\framework\Interception\Chain\Chain.php(70): Magento\Framework\Mail\Transport\Interceptor->___callParent('sendMessage', Array)
#3 C:\xampp\htdocs\SheaMoisture2\vendor\magento\framework\Interception\Interceptor.php(136): Magento\Framework\Interception\Chain\Chain->invokeNext('Magento\\Framewo...', 'sendMessage', Object(Magento\Framework\Mail\Transport\Interceptor), Array, 'customer-sample...')
#4 C:\xampp\htdocs\SheaMoisture2\vendor\magento\module-customer-sample-data\Magento\Framework\Mail\Transport\MailPlugin.php(32): Magento\Framework\Mail\Transport\Interceptor->Magento\Framework\Interception\{closure}()
#5 [internal function]: Magento\CustomerSampleData\Magento\Framework\Mail\Transport\MailPlugin->aroundSendMessage(Object(Magento\Framework\Mail\Transport\Interceptor), Object(Closure))
#6 C:\xampp\htdocs\SheaMoisture2\vendor\magento\framework\Interception\Interceptor.php(140): call_user_func_array(Array, Array)
#7 C:\xampp\htdocs\SheaMoisture2\var\generation\Magento\Framework\Mail\Transport\Interceptor.php(26): Magento\Framework\Mail\Transport\Interceptor->___callPlugins('sendMessage', Array, Array)
#8 C:\xampp\htdocs\SheaMoisture2\vendor\magento\module-customer\Model\AccountManagement.php(927): Magento\Framework\Mail\Transport\Interceptor->sendMessage()
#9 C:\xampp\htdocs\SheaMoisture2\vendor\magento\module-customer\Model\AccountManagement.php(834): Magento\Customer\Model\AccountManagement->sendEmailTemplate(Object(Magento\Customer\Model\Data\Customer), 'customer/create...', 'customer/create...', Array, 1)
#10 C:\xampp\htdocs\SheaMoisture2\vendor\magento\module-customer\Model\AccountManagement.php(587): Magento\Customer\Model\AccountManagement->sendNewAccountEmail(Object(Magento\Customer\Model\Data\Customer), 'registered', NULL, 1)
#11 C:\xampp\htdocs\SheaMoisture2\vendor\magento\module-customer\Model\AccountManagement.php(547): Magento\Customer\Model\AccountManagement->sendEmailConfirmation(Object(Magento\Customer\Model\Data\Customer), NULL)
#12 C:\xampp\htdocs\SheaMoisture2\vendor\magento\module-customer\Model\AccountManagement.php(484): Magento\Customer\Model\AccountManagement->createAccountWithPasswordHash(Object(Magento\Customer\Model\Data\Customer), '3e76df035a5c9e1...', NULL)
#13 C:\xampp\htdocs\SheaMoisture2\vendor\magento\module-customer\Controller\Account\CreatePost.php(233): Magento\Customer\Model\AccountManagement->createAccount(Object(Magento\Customer\Model\Data\Customer), 'Vinay@123', NULL)
#14 C:\xampp\htdocs\SheaMoisture2\var\generation\Magento\Customer\Controller\Account\CreatePost\Interceptor.php(24): Magento\Customer\Controller\Account\CreatePost->execute()
#15 C:\xampp\htdocs\SheaMoisture2\vendor\magento\framework\App\Action\Action.php(102): Magento\Customer\Controller\Account\CreatePost\Interceptor->execute()
#16 [internal function]: Magento\Framework\App\Action\Action->dispatch(Object(Magento\Framework\App\Request\Http))
#17 C:\xampp\htdocs\SheaMoisture2\vendor\magento\framework\Interception\Interceptor.php(74): call_user_func_array(Array, Array)
#18 C:\xampp\htdocs\SheaMoisture2\vendor\magento\framework\Interception\Chain\Chain.php(70): Magento\Customer\Controller\Account\CreatePost\Interceptor->___callParent('dispatch', Array)
#19 C:\xampp\htdocs\SheaMoisture2\vendor\magento\framework\Interception\Chain\Chain.php(63): Magento\Framework\Interception\Chain\Chain->invokeNext('Magento\\Custome...', 'dispatch', Object(Magento\Customer\Controller\Account\CreatePost\Interceptor), Array, 'designLoader')
#20 C:\xampp\htdocs\SheaMoisture2\vendor\magento\framework\App\Action\Plugin\Design.php(39): Magento\Framework\Interception\Chain\Chain->Magento\Framework\Interception\Chain\{closure}(Object(Magento\Framework\App\Request\Http))
#21 [internal function]: Magento\Framework\App\Action\Plugin\Design->aroundDispatch(Object(Magento\Customer\Controller\Account\CreatePost\Interceptor), Object(Closure), Object(Magento\Framework\App\Request\Http))
#22 C:\xampp\htdocs\SheaMoisture2\vendor\magento\framework\Interception\Chain\Chain.php(67): call_user_func_array(Array, Array)
#23 C:\xampp\htdocs\SheaMoisture2\vendor\magento\framework\Interception\Chain\Chain.php(63): Magento\Framework\Interception\Chain\Chain->invokeNext('Magento\\Custome...', 'dispatch', Object(Magento\Customer\Controller\Account\CreatePost\Interceptor), Array, 'contextPlugin')
#24 C:\xampp\htdocs\SheaMoisture2\vendor\magento\module-store\App\Action\Plugin\Context.php(98): Magento\Framework\Interception\Chain\Chain->Magento\Framework\Interception\Chain\{closure}(Object(Magento\Framework\App\Request\Http))
#25 [internal function]: Magento\Store\App\Action\Plugin\Context->aroundDispatch(Object(Magento\Customer\Controller\Account\CreatePost\Interceptor), Object(Closure), Object(Magento\Framework\App\Request\Http))
#26 C:\xampp\htdocs\SheaMoisture2\vendor\magento\framework\Interception\Chain\Chain.php(67): call_user_func_array(Array, Array)
#27 C:\xampp\htdocs\SheaMoisture2\vendor\magento\framework\Interception\Chain\Chain.php(63): Magento\Framework\Interception\Chain\Chain->invokeNext('Magento\\Custome...', 'dispatch', Object(Magento\Customer\Controller\Account\CreatePost\Interceptor), Array, 'customer-app-ac...')
#28 C:\xampp\htdocs\SheaMoisture2\vendor\magento\module-customer\Model\App\Action\ContextPlugin.php(61): Magento\Framework\Interception\Chain\Chain->Magento\Framework\Interception\Chain\{closure}(Object(Magento\Framework\App\Request\Http))
#29 [internal function]: Magento\Customer\Model\App\Action\ContextPlugin->aroundDispatch(Object(Magento\Customer\Controller\Account\CreatePost\Interceptor), Object(Closure), Object(Magento\Framework\App\Request\Http))
#30 C:\xampp\htdocs\SheaMoisture2\vendor\magento\framework\Interception\Chain\Chain.php(67): call_user_func_array(Array, Array)
#31 C:\xampp\htdocs\SheaMoisture2\vendor\magento\framework\Interception\Chain\Chain.php(63): Magento\Framework\Interception\Chain\Chain->invokeNext('Magento\\Custome...', 'dispatch', Object(Magento\Customer\Controller\Account\CreatePost\Interceptor), Array, 'storeCheck')
#32 C:\xampp\htdocs\SheaMoisture2\vendor\magento\module-store\App\Action\Plugin\StoreCheck.php(44): Magento\Framework\Interception\Chain\Chain->Magento\Framework\Interception\Chain\{closure}(Object(Magento\Framework\App\Request\Http))
#33 [internal function]: Magento\Store\App\Action\Plugin\StoreCheck->aroundDispatch(Object(Magento\Customer\Controller\Account\CreatePost\Interceptor), Object(Closure), Object(Magento\Framework\App\Request\Http))
#34 C:\xampp\htdocs\SheaMoisture2\vendor\magento\framework\Interception\Chain\Chain.php(67): call_user_func_array(Array, Array)
#35 C:\xampp\htdocs\SheaMoisture2\vendor\magento\framework\Interception\Chain\Chain.php(63): Magento\Framework\Interception\Chain\Chain->invokeNext('Magento\\Custome...', 'dispatch', Object(Magento\Customer\Controller\Account\CreatePost\Interceptor), Array, 'customer_accoun...')
#36 C:\xampp\htdocs\SheaMoisture2\vendor\magento\module-customer\Controller\Plugin\Account.php(60): Magento\Framework\Interception\Chain\Chain->Magento\Framework\Interception\Chain\{closure}(Object(Magento\Framework\App\Request\Http))
#37 [internal function]: Magento\Customer\Controller\Plugin\Account->aroundDispatch(Object(Magento\Customer\Controller\Account\CreatePost\Interceptor), Object(Closure), Object(Magento\Framework\App\Request\Http))
#38 C:\xampp\htdocs\SheaMoisture2\vendor\magento\framework\Interception\Chain\Chain.php(67): call_user_func_array(Array, Array)
#39 C:\xampp\htdocs\SheaMoisture2\vendor\magento\framework\Interception\Chain\Chain.php(63): Magento\Framework\Interception\Chain\Chain->invokeNext('Magento\\Custome...', 'dispatch', Object(Magento\Customer\Controller\Account\CreatePost\Interceptor), Array, 'weee-app-action...')
#40 C:\xampp\htdocs\SheaMoisture2\vendor\magento\module-weee\Model\App\Action\ContextPlugin.php(112): Magento\Framework\Interception\Chain\Chain->Magento\Framework\Interception\Chain\{closure}(Object(Magento\Framework\App\Request\Http))
#41 [internal function]: Magento\Weee\Model\App\Action\ContextPlugin->aroundDispatch(Object(Magento\Customer\Controller\Account\CreatePost\Interceptor), Object(Closure), Object(Magento\Framework\App\Request\Http))
#42 C:\xampp\htdocs\SheaMoisture2\vendor\magento\framework\Interception\Chain\Chain.php(67): call_user_func_array(Array, Array)
#43 C:\xampp\htdocs\SheaMoisture2\vendor\magento\framework\Interception\Interceptor.php(136): Magento\Framework\Interception\Chain\Chain->invokeNext('Magento\\Custome...', 'dispatch', Object(Magento\Customer\Controller\Account\CreatePost\Interceptor), Array, 'tax-app-action-...')
#44 C:\xampp\htdocs\SheaMoisture2\vendor\magento\module-tax\Model\App\Action\ContextPlugin.php(91): Magento\Customer\Controller\Account\CreatePost\Interceptor->Magento\Framework\Interception\{closure}(Object(Magento\Framework\App\Request\Http))
#45 [internal function]: Magento\Tax\Model\App\Action\ContextPlugin->aroundDispatch(Object(Magento\Customer\Controller\Account\CreatePost\Interceptor), Object(Closure), Object(Magento\Framework\App\Request\Http))
#46 C:\xampp\htdocs\SheaMoisture2\vendor\magento\framework\Interception\Interceptor.php(140): call_user_func_array(Array, Array)
#47 C:\xampp\htdocs\SheaMoisture2\var\generation\Magento\Customer\Controller\Account\CreatePost\Interceptor.php(39): Magento\Customer\Controller\Account\CreatePost\Interceptor->___callPlugins('dispatch', Array, Array)
#48 C:\xampp\htdocs\SheaMoisture2\vendor\magento\framework\App\FrontController.php(55): Magento\Customer\Controller\Account\CreatePost\Interceptor->dispatch(Object(Magento\Framework\App\Request\Http))
#49 [internal function]: Magento\Framework\App\FrontController->dispatch(Object(Magento\Framework\App\Request\Http))
#50 C:\xampp\htdocs\SheaMoisture2\vendor\magento\framework\Interception\Interceptor.php(74): call_user_func_array(Array, Array)
#51 C:\xampp\htdocs\SheaMoisture2\vendor\magento\framework\Interception\Chain\Chain.php(70): Magento\Framework\App\FrontController\Interceptor->___callParent('dispatch', Array)
#52 C:\xampp\htdocs\SheaMoisture2\vendor\magento\framework\Interception\Chain\Chain.php(63): Magento\Framework\Interception\Chain\Chain->invokeNext('Magento\\Framewo...', 'dispatch', Object(Magento\Framework\App\FrontController\Interceptor), Array, 'requestPreproce...')
#53 C:\xampp\htdocs\SheaMoisture2\vendor\magento\module-store\App\FrontController\Plugin\RequestPreprocessor.php(89): Magento\Framework\Interception\Chain\Chain->Magento\Framework\Interception\Chain\{closure}(Object(Magento\Framework\App\Request\Http))
#54 [internal function]: Magento\Store\App\FrontController\Plugin\RequestPreprocessor->aroundDispatch(Object(Magento\Framework\App\FrontController\Interceptor), Object(Closure), Object(Magento\Framework\App\Request\Http))
#55 C:\xampp\htdocs\SheaMoisture2\vendor\magento\framework\Interception\Chain\Chain.php(67): call_user_func_array(Array, Array)
#56 C:\xampp\htdocs\SheaMoisture2\vendor\magento\framework\Interception\Chain\Chain.php(63): Magento\Framework\Interception\Chain\Chain->invokeNext('Magento\\Framewo...', 'dispatch', Object(Magento\Framework\App\FrontController\Interceptor), Array, 'install')
#57 C:\xampp\htdocs\SheaMoisture2\vendor\magento\framework\Module\Plugin\DbStatusValidator.php(69): Magento\Framework\Interception\Chain\Chain->Magento\Framework\Interception\Chain\{closure}(Object(Magento\Framework\App\Request\Http))
#58 [internal function]: Magento\Framework\Module\Plugin\DbStatusValidator->aroundDispatch(Object(Magento\Framework\App\FrontController\Interceptor), Object(Closure), Object(Magento\Framework\App\Request\Http))
#59 C:\xampp\htdocs\SheaMoisture2\vendor\magento\framework\Interception\Chain\Chain.php(67): call_user_func_array(Array, Array)
#60 C:\xampp\htdocs\SheaMoisture2\vendor\magento\framework\Interception\Chain\Chain.php(63): Magento\Framework\Interception\Chain\Chain->invokeNext('Magento\\Framewo...', 'dispatch', Object(Magento\Framework\App\FrontController\Interceptor), Array, 'front-controlle...')
#61 C:\xampp\htdocs\SheaMoisture2\vendor\magento\module-page-cache\Model\App\FrontController\VarnishPlugin.php(55): Magento\Framework\Interception\Chain\Chain->Magento\Framework\Interception\Chain\{closure}(Object(Magento\Framework\App\Request\Http))
#62 [internal function]: Magento\PageCache\Model\App\FrontController\VarnishPlugin->aroundDispatch(Object(Magento\Framework\App\FrontController\Interceptor), Object(Closure), Object(Magento\Framework\App\Request\Http))
#63 C:\xampp\htdocs\SheaMoisture2\vendor\magento\framework\Interception\Chain\Chain.php(67): call_user_func_array(Array, Array)
#64 C:\xampp\htdocs\SheaMoisture2\vendor\magento\framework\Interception\Interceptor.php(136): Magento\Framework\Interception\Chain\Chain->invokeNext('Magento\\Framewo...', 'dispatch', Object(Magento\Framework\App\FrontController\Interceptor), Array, 'front-controlle...')
#65 C:\xampp\htdocs\SheaMoisture2\vendor\magento\module-page-cache\Model\App\FrontController\BuiltinPlugin.php(68): Magento\Framework\App\FrontController\Interceptor->Magento\Framework\Interception\{closure}(Object(Magento\Framework\App\Request\Http))
#66 [internal function]: Magento\PageCache\Model\App\FrontController\BuiltinPlugin->aroundDispatch(Object(Magento\Framework\App\FrontController\Interceptor), Object(Closure), Object(Magento\Framework\App\Request\Http))
#67 C:\xampp\htdocs\SheaMoisture2\vendor\magento\framework\Interception\Interceptor.php(140): call_user_func_array(Array, Array)
#68 C:\xampp\htdocs\SheaMoisture2\var\generation\Magento\Framework\App\FrontController\Interceptor.php(26): Magento\Framework\App\FrontController\Interceptor->___callPlugins('dispatch', Array, Array)
#69 C:\xampp\htdocs\SheaMoisture2\vendor\magento\framework\App\Http.php(115): Magento\Framework\App\FrontController\Interceptor->dispatch(Object(Magento\Framework\App\Request\Http))
#70 C:\xampp\htdocs\SheaMoisture2\vendor\magento\framework\App\Bootstrap.php(258): Magento\Framework\App\Http->launch()
#71 C:\xampp\htdocs\SheaMoisture2\index.php(39): Magento\Framework\App\Bootstrap->run(Object(Magento\Framework\App\Http))
#72 {main} [] []
